<?xml version="1.0" encoding="UTF-8"?>
<testsuite name="com.company.gate.logic.GateUnitTests" tests="15" skipped="0" failures="0" errors="0" timestamp="2024-03-03T07:21:49" hostname="MYCOMP" time="0.283">
  <properties/>
  <testcase name="testThruOut" classname="com.company.gate.logic.GateUnitTests" time="0.055"/>
  <testcase name="testOpenOut" classname="com.company.gate.logic.GateUnitTests" time="0.006"/>
  <testcase name="testOpenClosed" classname="com.company.gate.logic.GateUnitTests" time="0.002"/>
  <testcase name="testGateConstructor" classname="com.company.gate.logic.GateUnitTests" time="0.003"/>
  <testcase name="testThruWhenClosed" classname="com.company.gate.logic.GateUnitTests" time="0.011"/>
  <testcase name="testCloseGate" classname="com.company.gate.logic.GateUnitTests" time="0.023"/>
  <testcase name="testGateToStringWhenInvalid" classname="com.company.gate.logic.GateUnitTests" time="0.01"/>
  <testcase name="testInvalidSwingParameter" classname="com.company.gate.logic.GateUnitTests" time="0.003"/>
  <testcase name="testSetSwingIn" classname="com.company.gate.logic.GateUnitTests" time="0.004"/>
  <testcase name="testGateToStringWhenOpenedOut" classname="com.company.gate.logic.GateUnitTests" time="0.034"/>
  <testcase name="testGateToStringWhenOpenedIn" classname="com.company.gate.logic.GateUnitTests" time="0.008"/>
  <testcase name="testSetSwingOut" classname="com.company.gate.logic.GateUnitTests" time="0.096"/>
  <testcase name="testOpenIn" classname="com.company.gate.logic.GateUnitTests" time="0.005"/>
  <testcase name="testGateToStringWhenClosed" classname="com.company.gate.logic.GateUnitTests" time="0.012"/>
  <testcase name="testThruIn" classname="com.company.gate.logic.GateUnitTests" time="0.003"/>
  <system-out><![CDATA[]]></system-out>
  <system-err><![CDATA[]]></system-err>
</testsuite>
